<-= 1 =->
name = Basics
city = Dallas
name = Allied
city = Dallas
<-= 2 =->
name = folder
name = clip
<-= 3 =->
name = Allied
pid = p05
dollars = 1104.00
name = Basics
pid = p03
dollars = 880.00
name = Basics
pid = p03
dollars = 740.00
name = Tiptop
pid = p06
dollars = 720.00
name = Tiptop
pid = p07
dollars = 720.00
name = ACME
pid = p07
dollars = 600.00
name = Tiptop
pid = p03
dollars = 540.00
name = Tiptop
pid = p04
dollars = 540.00
name = ACME
pid = p01
dollars = 500.00
name = ACME
pid = p01
dollars = 460.00
name = Tiptop
pid = p05
dollars = 450.00
name = Tiptop
pid = p01
dollars = 450.00
name = ACME
pid = p01
dollars = 400.00
name = Tiptop
pid = p02
dollars = 180.00
<-= 4 =->
name = ACME
sum = 460.00
name = ACME
sum = 1500.00
name = Allied
sum = 1104.00
name = Basics
sum = 1620.00
name = Tiptop
sum = 3600.00
name = Weyland-Yutani
sum = None
<-= 5 =->
name = Basics
name = Brown
name = razor
name = Allied
name = Brown
name = pencil
name = Tiptop
name = Brown
name = pen
name = ACME
name = Brown
name = case
<-= 6 =->
dollars = 740.00
truetotal = 704.0000000000000000000000
<-= end =->
