Oh no, there was an error!
ERROR:  syntax error at or near "select"
LINE 1:  select ordno, dollars select * from orders
                               ^

city = New York
name = Smith
city = Dallas
name = Smith
pid = p05
name = pencil
priceusd = 1.00
city = Dallas
name = Smith
name = Jones
name = Otasi
name = Smith
name = Bond
pid = p07
name = case
city = Newark
quantity = 100500
priceusd = 1.00
pid = p08
name = clip
city = Newark
quantity = 200600
priceusd = 1.25
ordno = 1011
mon = jan
cid = c001
aid = a01
pid = p01
qty = 1000
dollars = 450.00
ordno = 1013
mon = jan
cid = c002
aid = a03
pid = p03
qty = 1000
dollars = 880.00
ordno = 1015
mon = jan
cid = c003
aid = a03
pid = p05
qty = 1200
dollars = 1104.00
ordno = 1016
mon = jan
cid = c006
aid = a01
pid = p01
qty = 1000
dollars = 500.00
ordno = 1022
mon = mar
cid = c001
aid = a05
pid = p06
qty = 400
dollars = 720.00
ordno = 1023
mon = mar
cid = c001
aid = a04
pid = p05
qty = 500
dollars = 450.00
ordno = 1024
mon = mar
cid = c006
aid = a06
pid = p01
qty = 800
dollars = 400.00
ordno = 1019
mon = feb
cid = c001
aid = a02
pid = p02
qty = 400
dollars = 180.00
ordno = 1021
mon = feb
cid = c004
aid = a06
pid = p01
qty = 1000
dollars = 460.00
